<?xml version="1.0" encoding="UTF-8"?>
<!-- Generated by org.testng.reporters.JUnitReportReporter -->
<testsuite hostname="ddc4a-l-f55fs1h" failures="0" tests="1" name="serialize.Vowels" time="0.011" errors="0" timestamp="2025-01-23T12:15:53 IST" skipped="0">
  <testcase classname="serialize.Vowels" name="vowels" time="0.011"/>
  <system-out/>
</testsuite> <!-- serialize.Vowels -->
