<?xml version="1.0" encoding="UTF-8"?>
<!-- Generated by org.testng.reporters.JUnitReportReporter -->
<testsuite hostname="ddc4a-l-f55fs1h" failures="0" tests="1" name="Testtt" time="0.008" errors="0" timestamp="2025-01-10T18:26:01 IST" skipped="0">
  <testcase classname="Testtt" name="setUp" time="0.008"/>
  <system-out/>
</testsuite> <!-- Testtt -->
