<?xml version="1.0" encoding="UTF-8"?>
<!-- Generated by org.testng.reporters.JUnitReportReporter -->
<testsuite hostname="ddc4a-l-f55fs1h" failures="0" tests="1" name="OAuthTest" time="2.021" errors="0" timestamp="2025-01-21T11:37:08 IST" skipped="0">
  <testcase classname="OAuthTest" name="run" time="2.021"/>
  <system-out/>
</testsuite> <!-- OAuthTest -->
