<?xml version="1.0" encoding="UTF-8"?>
<!-- Generated by org.testng.reporters.JUnitReportReporter -->
<testsuite hostname="ddc4a-l-f55fs1h" failures="0" tests="1" name="specBuilder.EComEnd2End" time="3.729" errors="0" timestamp="2025-01-25T10:29:13 IST" skipped="0">
  <testcase classname="specBuilder.EComEnd2End" name="run" time="3.729"/>
  <system-out/>
</testsuite> <!-- specBuilder.EComEnd2End -->
