<?xml version="1.0" encoding="UTF-8"?>
<!-- Generated by org.testng.reporters.JUnitReportReporter -->
<testsuite hostname="ddc4a-l-f55fs1h" failures="0" tests="1" name="pojo.OAuthTest" time="2.701" errors="0" timestamp="2025-01-21T15:29:52 IST" skipped="0">
  <testcase classname="pojo.OAuthTest" name="run" time="2.701"/>
  <system-out/>
</testsuite> <!-- pojo.OAuthTest -->
