<?xml version="1.0" encoding="UTF-8"?>
<!-- Generated by org.testng.reporters.JUnitReportReporter -->
<testsuite hostname="ddc4a-l-f55fs1h" failures="0" tests="1" name="Testt" time="0.013" errors="0" timestamp="2025-01-09T17:16:31 IST" skipped="0">
  <testcase classname="Testt" name="setup2" time="0.013"/>
  <system-out/>
</testsuite> <!-- Testt -->
