<?xml version="1.0" encoding="UTF-8"?>
<!-- Generated by org.testng.reporters.JUnitReportReporter -->
<testsuite hostname="ddc4a-l-f55fs1h" failures="0" tests="1" name="specBuilder.SpecBuilder" time="2.185" errors="0" timestamp="2025-01-24T07:48:42 IST" skipped="0">
  <testcase classname="specBuilder.SpecBuilder" name="run" time="2.185"/>
  <system-out/>
</testsuite> <!-- specBuilder.SpecBuilder -->
