<?xml version="1.0" encoding="UTF-8"?>
<!-- Generated by org.testng.reporters.JUnitReportReporter -->
<testsuite hostname="ddc4a-l-f55fs1h" failures="0" tests="2" name="serialize.LeapYear" time="0.014" errors="0" timestamp="2025-01-23T12:28:10 IST" skipped="0">
  <testcase classname="serialize.LeapYear" name="leapYear" time="0.013"/>
  <system-out/>
  <testcase classname="serialize.LeapYear" name="randon" time="0.001"/>
  <system-out/>
</testsuite> <!-- serialize.LeapYear -->
