<?xml version="1.0" encoding="UTF-8"?>
<!-- Generated by org.testng.reporters.JUnitReportReporter -->
<testsuite hostname="ddc4a-l-f55fs1h" failures="0" tests="1" name="DemoTest" time="0.962" errors="0" timestamp="2025-01-08T21:04:56 IST" skipped="0">
  <testcase classname="DemoTest" name="setup" time="0.962"/>
  <system-out/>
</testsuite> <!-- DemoTest -->
