<?xml version="1.0" encoding="UTF-8"?>
<!-- Generated by org.testng.reporters.JUnitReportReporter -->
<testsuite hostname="ddc4a-l-f55fs1h" failures="0" tests="1" name="PlaceAPIs" time="6.398" errors="0" timestamp="2025-01-08T20:39:53 IST" skipped="0">
  <testcase classname="PlaceAPIs" name="run" time="6.398"/>
  <system-out/>
</testsuite> <!-- PlaceAPIs -->
