<?xml version="1.0" encoding="UTF-8"?>
<!-- Generated by org.testng.reporters.JUnitReportReporter -->
<testsuite hostname="ddc4a-l-f55fs1h" failures="0" tests="1" name="serialize.SerializationWay" time="1.780" errors="0" timestamp="2025-01-21T18:34:21 IST" skipped="0">
  <testcase classname="serialize.SerializationWay" name="run" time="1.780"/>
  <system-out/>
</testsuite> <!-- serialize.SerializationWay -->
