<?xml version="1.0" encoding="UTF-8"?>
<!-- Generated by org.testng.reporters.JUnitReportReporter -->
<testsuite hostname="ddc4a-l-f55fs1h" failures="0" tests="1" name="com.qa.testcases.LoginPageTest" time="63.492" errors="0" timestamp="2025-01-07T09:57:58 IST" skipped="0">
  <testcase classname="com.qa.testcases.LoginPageTest" name="loginFunctionality" time="63.492"/>
</testsuite> <!-- com.qa.testcases.LoginPageTest -->
